<?xml version="1.0" encoding="UTF-8"?>
<!-- Generated by org.testng.reporters.JUnitReportReporter -->
<testsuite skipped="0" hostname="Udiths-MacBook-Pro.local" name="hybridcloud.paralleltest.SearchTest" tests="1" failures="0" timestamp="10 Oct 2019 11:39:10 GMT" time="2.355" errors="0">
  <testcase name="searchNokia1" time="2.355" classname="hybridcloud.paralleltest.SearchTest"/>
</testsuite> <!-- hybridcloud.paralleltest.SearchTest -->
